[0m02:41:38.499605 [debug] [MainThread]: Sending event: {'category': 'dbt', 'action': 'invocation', 'label': 'start', 'context': [<snowplow_tracker.self_describing_json.SelfDescribingJson object at 0x736be7b49240>, <snowplow_tracker.self_describing_json.SelfDescribingJson object at 0x736be57d4df0>, <snowplow_tracker.self_describing_json.SelfDescribingJson object at 0x736be57d4d30>]}


============================== 02:41:38.511146 | ec2cd948-180e-4ab9-a7af-b660979674da ==============================
[0m02:41:38.511146 [info ] [MainThread]: Running with dbt=1.7.0
[0m02:41:38.512190 [debug] [MainThread]: running dbt with arguments {'printer_width': '80', 'indirect_selection': 'eager', 'log_cache_events': 'False', 'write_json': 'True', 'partial_parse': 'True', 'cache_selected_only': 'False', 'profiles_dir': '/usr/app', 'debug': 'False', 'warn_error': 'None', 'log_path': 'logs', 'fail_fast': 'False', 'version_check': 'True', 'use_colors': 'True', 'use_experimental_parser': 'False', 'no_print': 'None', 'quiet': 'False', 'warn_error_options': 'WarnErrorOptions(include=[], exclude=[])', 'static_parser': 'True', 'log_format': 'default', 'introspect': 'True', 'target_path': 'None', 'invocation_command': 'dbt debug', 'send_anonymous_usage_stats': 'True'}
[0m02:41:38.513304 [info ] [MainThread]: dbt version: 1.7.0
[0m02:41:38.514106 [info ] [MainThread]: python version: 3.10.7
[0m02:41:38.515089 [info ] [MainThread]: python path: /usr/local/bin/python
[0m02:41:38.515991 [info ] [MainThread]: os info: Linux-6.6.87.2-microsoft-standard-WSL2-x86_64-with-glibc2.31
[0m02:41:38.516899 [info ] [MainThread]: Using profiles dir at /usr/app
[0m02:41:38.517598 [info ] [MainThread]: Using profiles.yml file at /usr/app/profiles.yml
[0m02:41:38.518352 [info ] [MainThread]: Using dbt_project.yml file at /usr/app/dbt_project.yml
[0m02:41:38.519169 [info ] [MainThread]: Configuration:
[0m02:41:38.519922 [info ] [MainThread]:   profiles.yml file [[31mERROR not found[0m]
[0m02:41:38.520716 [info ] [MainThread]:   dbt_project.yml file [[31mERROR not found[0m]
[0m02:41:38.521574 [info ] [MainThread]: Required dependencies:
[0m02:41:38.522440 [debug] [MainThread]: Executing "git --help"
[0m02:41:38.546024 [debug] [MainThread]: STDOUT: "b"usage: git [--version] [--help] [-C <path>] [-c <name>=<value>]\n           [--exec-path[=<path>]] [--html-path] [--man-path] [--info-path]\n           [-p | --paginate | -P | --no-pager] [--no-replace-objects] [--bare]\n           [--git-dir=<path>] [--work-tree=<path>] [--namespace=<name>]\n           <command> [<args>]\n\nThese are common Git commands used in various situations:\n\nstart a working area (see also: git help tutorial)\n   clone             Clone a repository into a new directory\n   init              Create an empty Git repository or reinitialize an existing one\n\nwork on the current change (see also: git help everyday)\n   add               Add file contents to the index\n   mv                Move or rename a file, a directory, or a symlink\n   restore           Restore working tree files\n   rm                Remove files from the working tree and from the index\n   sparse-checkout   Initialize and modify the sparse-checkout\n\nexamine the history and state (see also: git help revisions)\n   bisect            Use binary search to find the commit that introduced a bug\n   diff              Show changes between commits, commit and working tree, etc\n   grep              Print lines matching a pattern\n   log               Show commit logs\n   show              Show various types of objects\n   status            Show the working tree status\n\ngrow, mark and tweak your common history\n   branch            List, create, or delete branches\n   commit            Record changes to the repository\n   merge             Join two or more development histories together\n   rebase            Reapply commits on top of another base tip\n   reset             Reset current HEAD to the specified state\n   switch            Switch branches\n   tag               Create, list, delete or verify a tag object signed with GPG\n\ncollaborate (see also: git help workflows)\n   fetch             Download objects and refs from another repository\n   pull              Fetch from and integrate with another repository or a local branch\n   push              Update remote refs along with associated objects\n\n'git help -a' and 'git help -g' list available subcommands and some\nconcept guides. See 'git help <command>' or 'git help <concept>'\nto read about a specific subcommand or concept.\nSee 'git help git' for an overview of the system.\n""
[0m02:41:38.546981 [debug] [MainThread]: STDERR: "b''"
[0m02:41:38.547484 [info ] [MainThread]:  - git [[32mOK found[0m]

[0m02:41:38.548114 [info ] [MainThread]: Connection test skipped since no profile was found
[0m02:41:38.548999 [info ] [MainThread]: [31m2 checks failed:[0m
[0m02:41:38.549711 [info ] [MainThread]: dbt looked for a profiles.yml file in /usr/app/profiles.yml, but did
not find one. For more information on configuring your profile, consult the
documentation:

https://docs.getdbt.com/docs/configure-your-profile


[0m02:41:38.550403 [info ] [MainThread]: Project loading failed for the following reason:
 project path </usr/app/dbt_project.yml> not found

[0m02:41:38.553142 [debug] [MainThread]: Resource report: {"command_name": "debug", "command_wall_clock_time": 0.06059392, "process_user_time": 2.931399, "process_kernel_time": 0.730906, "process_mem_max_rss": "91096", "process_in_blocks": "77808", "process_out_blocks": "624", "command_success": false}
[0m02:41:38.553975 [debug] [MainThread]: Command `dbt debug` failed at 02:41:38.553729 after 0.06 seconds
[0m02:41:38.554603 [debug] [MainThread]: Sending event: {'category': 'dbt', 'action': 'invocation', 'label': 'end', 'context': [<snowplow_tracker.self_describing_json.SelfDescribingJson object at 0x736be7b49240>, <snowplow_tracker.self_describing_json.SelfDescribingJson object at 0x736be9c2abf0>, <snowplow_tracker.self_describing_json.SelfDescribingJson object at 0x736be583f190>]}
[0m02:41:38.555381 [debug] [MainThread]: Flushing usage events
[0m02:51:41.218402 [debug] [MainThread]: Sending event: {'category': 'dbt', 'action': 'invocation', 'label': 'start', 'context': [<snowplow_tracker.self_describing_json.SelfDescribingJson object at 0x7e0b479ee5f0>, <snowplow_tracker.self_describing_json.SelfDescribingJson object at 0x7e0b45756110>, <snowplow_tracker.self_describing_json.SelfDescribingJson object at 0x7e0b45756020>]}


============================== 02:51:41.224208 | 6135b275-1182-40ed-bbdb-32d4d47f5966 ==============================
[0m02:51:41.224208 [info ] [MainThread]: Running with dbt=1.7.0
[0m02:51:41.225241 [debug] [MainThread]: running dbt with arguments {'printer_width': '80', 'indirect_selection': 'eager', 'log_cache_events': 'False', 'write_json': 'True', 'partial_parse': 'True', 'cache_selected_only': 'False', 'profiles_dir': '/usr/app', 'debug': 'False', 'fail_fast': 'False', 'log_path': 'logs', 'warn_error': 'None', 'version_check': 'True', 'use_colors': 'True', 'use_experimental_parser': 'False', 'no_print': 'None', 'quiet': 'False', 'warn_error_options': 'WarnErrorOptions(include=[], exclude=[])', 'static_parser': 'True', 'invocation_command': 'dbt debug', 'introspect': 'True', 'target_path': 'None', 'log_format': 'default', 'send_anonymous_usage_stats': 'True'}
[0m02:51:41.226199 [info ] [MainThread]: dbt version: 1.7.0
[0m02:51:41.227721 [info ] [MainThread]: python version: 3.10.7
[0m02:51:41.228648 [info ] [MainThread]: python path: /usr/local/bin/python
[0m02:51:41.229486 [info ] [MainThread]: os info: Linux-6.6.87.2-microsoft-standard-WSL2-x86_64-with-glibc2.31
[0m02:51:40.587654 [info ] [MainThread]: Using profiles dir at /usr/app
[0m02:51:40.588778 [info ] [MainThread]: Using profiles.yml file at /usr/app/profiles.yml
[0m02:51:40.589729 [info ] [MainThread]: Using dbt_project.yml file at /usr/app/dbt_project.yml
[0m02:51:40.606233 [info ] [MainThread]: adapter type: bigquery
[0m02:51:40.607211 [info ] [MainThread]: adapter version: 1.7.0
[0m02:51:40.608138 [info ] [MainThread]: Configuration:
[0m02:51:40.608949 [info ] [MainThread]:   profiles.yml file [[32mOK found and valid[0m]
[0m02:51:40.609755 [info ] [MainThread]:   dbt_project.yml file [[31mERROR not found[0m]
[0m02:51:40.610695 [info ] [MainThread]: Required dependencies:
[0m02:51:40.611572 [debug] [MainThread]: Executing "git --help"
[0m02:51:40.617652 [debug] [MainThread]: STDOUT: "b"usage: git [--version] [--help] [-C <path>] [-c <name>=<value>]\n           [--exec-path[=<path>]] [--html-path] [--man-path] [--info-path]\n           [-p | --paginate | -P | --no-pager] [--no-replace-objects] [--bare]\n           [--git-dir=<path>] [--work-tree=<path>] [--namespace=<name>]\n           <command> [<args>]\n\nThese are common Git commands used in various situations:\n\nstart a working area (see also: git help tutorial)\n   clone             Clone a repository into a new directory\n   init              Create an empty Git repository or reinitialize an existing one\n\nwork on the current change (see also: git help everyday)\n   add               Add file contents to the index\n   mv                Move or rename a file, a directory, or a symlink\n   restore           Restore working tree files\n   rm                Remove files from the working tree and from the index\n   sparse-checkout   Initialize and modify the sparse-checkout\n\nexamine the history and state (see also: git help revisions)\n   bisect            Use binary search to find the commit that introduced a bug\n   diff              Show changes between commits, commit and working tree, etc\n   grep              Print lines matching a pattern\n   log               Show commit logs\n   show              Show various types of objects\n   status            Show the working tree status\n\ngrow, mark and tweak your common history\n   branch            List, create, or delete branches\n   commit            Record changes to the repository\n   merge             Join two or more development histories together\n   rebase            Reapply commits on top of another base tip\n   reset             Reset current HEAD to the specified state\n   switch            Switch branches\n   tag               Create, list, delete or verify a tag object signed with GPG\n\ncollaborate (see also: git help workflows)\n   fetch             Download objects and refs from another repository\n   pull              Fetch from and integrate with another repository or a local branch\n   push              Update remote refs along with associated objects\n\n'git help -a' and 'git help -g' list available subcommands and some\nconcept guides. See 'git help <command>' or 'git help <concept>'\nto read about a specific subcommand or concept.\nSee 'git help git' for an overview of the system.\n""
[0m02:51:40.619430 [debug] [MainThread]: STDERR: "b''"
[0m02:51:40.620982 [info ] [MainThread]:  - git [[32mOK found[0m]

[0m02:51:40.622257 [info ] [MainThread]: Connection:
[0m02:51:40.622991 [info ] [MainThread]:   method: service-account
[0m02:51:40.624060 [info ] [MainThread]:   database: zoomcamp-final-project-491003
[0m02:51:40.624886 [info ] [MainThread]:   execution_project: zoomcamp-final-project-491003
[0m02:51:40.625543 [info ] [MainThread]:   schema: proj_bq_dataset
[0m02:51:40.626263 [info ] [MainThread]:   location: US
[0m02:51:40.626892 [info ] [MainThread]:   priority: interactive
[0m02:51:40.627490 [info ] [MainThread]:   maximum_bytes_billed: None
[0m02:51:40.628092 [info ] [MainThread]:   impersonate_service_account: None
[0m02:51:40.628942 [info ] [MainThread]:   job_retry_deadline_seconds: None
[0m02:51:40.629725 [info ] [MainThread]:   job_retries: 1
[0m02:51:40.630640 [info ] [MainThread]:   job_creation_timeout_seconds: None
[0m02:51:40.631444 [info ] [MainThread]:   job_execution_timeout_seconds: None
[0m02:51:40.634179 [info ] [MainThread]:   keyfile: /root/.gcp/service_account.json
[0m02:51:40.637822 [info ] [MainThread]:   timeout_seconds: None
[0m02:51:40.639671 [info ] [MainThread]:   refresh_token: None
[0m02:51:40.642113 [info ] [MainThread]:   client_id: None
[0m02:51:40.643092 [info ] [MainThread]:   token_uri: None
[0m02:51:40.643906 [info ] [MainThread]:   dataproc_region: None
[0m02:51:40.644635 [info ] [MainThread]:   dataproc_cluster_name: None
[0m02:51:40.645445 [info ] [MainThread]:   gcs_bucket: None
[0m02:51:40.646303 [info ] [MainThread]:   dataproc_batch: None
[0m02:51:40.647227 [info ] [MainThread]: Registered adapter: bigquery=1.7.0
[0m02:51:40.648601 [debug] [MainThread]: Acquiring new bigquery connection 'debug'
[0m02:51:40.649251 [debug] [MainThread]: Opening a new connection, currently in state init
[0m02:51:40.669833 [debug] [MainThread]: On debug: select 1 as id
[0m02:51:42.019714 [debug] [MainThread]: BigQuery adapter: https://console.cloud.google.com/bigquery?project=zoomcamp-final-project-491003&j=bq:US:a545be78-9be4-4daf-97a7-e9423e1d9fb8&page=queryresults
[0m02:51:42.668474 [info ] [MainThread]:   Connection test: [[32mOK connection ok[0m]

[0m02:51:42.669525 [info ] [MainThread]: [31m1 check failed:[0m
[0m02:51:42.670311 [info ] [MainThread]: Project loading failed for the following reason:
 project path </usr/app/dbt_project.yml> not found

[0m02:51:42.672435 [debug] [MainThread]: Resource report: {"command_name": "debug", "command_wall_clock_time": 3.2757673, "process_user_time": 3.562913, "process_kernel_time": 0.667098, "process_mem_max_rss": "117524", "process_in_blocks": "22656", "process_out_blocks": "80", "command_success": false}
[0m02:51:42.673418 [debug] [MainThread]: Command `dbt debug` failed at 02:51:42.673220 after 3.28 seconds
[0m02:51:42.674819 [debug] [MainThread]: Connection 'debug' was properly closed.
[0m02:51:42.675495 [debug] [MainThread]: Sending event: {'category': 'dbt', 'action': 'invocation', 'label': 'end', 'context': [<snowplow_tracker.self_describing_json.SelfDescribingJson object at 0x7e0b479ee5f0>, <snowplow_tracker.self_describing_json.SelfDescribingJson object at 0x7e0b43e86b90>, <snowplow_tracker.self_describing_json.SelfDescribingJson object at 0x7e0b43f03340>]}
[0m02:51:42.676440 [debug] [MainThread]: Flushing usage events
[0m03:21:18.573540 [debug] [MainThread]: Sending event: {'category': 'dbt', 'action': 'invocation', 'label': 'start', 'context': [<snowplow_tracker.self_describing_json.SelfDescribingJson object at 0x740fdddf65f0>, <snowplow_tracker.self_describing_json.SelfDescribingJson object at 0x740fdbb6a0e0>, <snowplow_tracker.self_describing_json.SelfDescribingJson object at 0x740fdbb6a080>]}


============================== 03:21:18.583049 | 3b56a5de-a580-43b6-8b84-bc36ae3d40e0 ==============================
[0m03:21:18.583049 [info ] [MainThread]: Running with dbt=1.7.0
[0m03:21:18.584266 [debug] [MainThread]: running dbt with arguments {'printer_width': '80', 'indirect_selection': 'eager', 'write_json': 'True', 'log_cache_events': 'False', 'partial_parse': 'True', 'cache_selected_only': 'False', 'profiles_dir': '/usr/app', 'fail_fast': 'False', 'version_check': 'True', 'log_path': '/usr/app/logs', 'warn_error': 'None', 'debug': 'False', 'use_colors': 'True', 'use_experimental_parser': 'False', 'no_print': 'None', 'quiet': 'False', 'warn_error_options': 'WarnErrorOptions(include=[], exclude=[])', 'static_parser': 'True', 'log_format': 'default', 'introspect': 'True', 'target_path': 'None', 'invocation_command': 'dbt parse', 'send_anonymous_usage_stats': 'True'}
[0m03:21:19.722655 [debug] [MainThread]: Sending event: {'category': 'dbt', 'action': 'project_id', 'label': '3b56a5de-a580-43b6-8b84-bc36ae3d40e0', 'context': [<snowplow_tracker.self_describing_json.SelfDescribingJson object at 0x740fda266320>]}
[0m03:21:19.876749 [debug] [MainThread]: Sending event: {'category': 'dbt', 'action': 'adapter_info', 'label': '3b56a5de-a580-43b6-8b84-bc36ae3d40e0', 'context': [<snowplow_tracker.self_describing_json.SelfDescribingJson object at 0x740fda06dd20>]}
[0m03:21:19.893170 [info ] [MainThread]: Registered adapter: bigquery=1.7.0
[0m03:21:19.915829 [debug] [MainThread]: checksum: 8434eacd4ffdf0ca3ab22bf0e2d55b45306c9599613e842b959405abc489e606, vars: {}, profile: , target: , version: 1.7.0
[0m03:21:19.916944 [info ] [MainThread]: Unable to do partial parsing because saved manifest not found. Starting full parse.
[0m03:21:19.917650 [debug] [MainThread]: Sending event: {'category': 'dbt', 'action': 'partial_parser', 'label': '3b56a5de-a580-43b6-8b84-bc36ae3d40e0', 'context': [<snowplow_tracker.self_describing_json.SelfDescribingJson object at 0x740fda06c160>]}
[0m03:21:21.266063 [warn ] [MainThread]: [[33mWARNING[0m]: Configuration paths exist in your dbt_project.yml file which do not apply to any resources.
There are 2 unused configuration paths:
- models.police_deaths_pipeline.staging
- models.police_deaths_pipeline.marts
[0m03:21:21.274571 [debug] [MainThread]: Sending event: {'category': 'dbt', 'action': 'load_project', 'label': '3b56a5de-a580-43b6-8b84-bc36ae3d40e0', 'context': [<snowplow_tracker.self_describing_json.SelfDescribingJson object at 0x740fda0010c0>]}
[0m03:21:21.275793 [info ] [MainThread]: Performance info: /usr/app/target/perf_info.json
[0m03:21:21.299856 [debug] [MainThread]: Resource report: {"command_name": "parse", "command_success": true, "command_wall_clock_time": 2.8239512, "process_user_time": 5.021045, "process_kernel_time": 0.635192, "process_mem_max_rss": "121856", "process_in_blocks": "102368", "process_out_blocks": "1752"}
[0m03:21:21.300761 [debug] [MainThread]: Command `dbt parse` succeeded at 03:21:21.300586 after 2.83 seconds
[0m03:21:21.301306 [debug] [MainThread]: Sending event: {'category': 'dbt', 'action': 'invocation', 'label': 'end', 'context': [<snowplow_tracker.self_describing_json.SelfDescribingJson object at 0x740fdddf65f0>, <snowplow_tracker.self_describing_json.SelfDescribingJson object at 0x740fda01dba0>, <snowplow_tracker.self_describing_json.SelfDescribingJson object at 0x740fda2afa60>]}
[0m03:21:21.301949 [debug] [MainThread]: Flushing usage events
[0m04:56:59.312526 [debug] [MainThread]: Sending event: {'category': 'dbt', 'action': 'invocation', 'label': 'start', 'context': [<snowplow_tracker.self_describing_json.SelfDescribingJson object at 0x74d1d2ed75e0>, <snowplow_tracker.self_describing_json.SelfDescribingJson object at 0x74d1d0c42290>, <snowplow_tracker.self_describing_json.SelfDescribingJson object at 0x74d1d0c42230>]}


============================== 04:56:59.320965 | 8c06eb8c-13aa-4850-8e63-8f196294f6a4 ==============================
[0m04:56:59.320965 [info ] [MainThread]: Running with dbt=1.7.0
[0m04:56:59.322158 [debug] [MainThread]: running dbt with arguments {'printer_width': '80', 'indirect_selection': 'eager', 'log_cache_events': 'False', 'write_json': 'True', 'partial_parse': 'True', 'cache_selected_only': 'False', 'warn_error': 'None', 'debug': 'False', 'profiles_dir': '/usr/app', 'log_path': '/usr/app/logs', 'version_check': 'True', 'fail_fast': 'False', 'use_colors': 'True', 'use_experimental_parser': 'False', 'no_print': 'None', 'quiet': 'False', 'warn_error_options': 'WarnErrorOptions(include=[], exclude=[])', 'introspect': 'True', 'invocation_command': 'dbt run --select stg_police_deaths', 'static_parser': 'True', 'target_path': 'None', 'log_format': 'default', 'send_anonymous_usage_stats': 'True'}
[0m04:57:00.483712 [debug] [MainThread]: Sending event: {'category': 'dbt', 'action': 'project_id', 'label': '8c06eb8c-13aa-4850-8e63-8f196294f6a4', 'context': [<snowplow_tracker.self_describing_json.SelfDescribingJson object at 0x74d1cf8c9ff0>]}
[0m04:57:00.653168 [debug] [MainThread]: Sending event: {'category': 'dbt', 'action': 'adapter_info', 'label': '8c06eb8c-13aa-4850-8e63-8f196294f6a4', 'context': [<snowplow_tracker.self_describing_json.SelfDescribingJson object at 0x74d1d0bf7fa0>]}
[0m04:57:00.672327 [info ] [MainThread]: Registered adapter: bigquery=1.7.0
[0m04:57:00.691328 [debug] [MainThread]: checksum: 8434eacd4ffdf0ca3ab22bf0e2d55b45306c9599613e842b959405abc489e606, vars: {}, profile: , target: , version: 1.7.0
[0m04:57:00.824302 [debug] [MainThread]: Partial parsing enabled: 0 files deleted, 2 files added, 0 files changed.
[0m04:57:00.825239 [debug] [MainThread]: Partial parsing: added file: police_deaths_pipeline://seeds/cause_mapping.csv
[0m04:57:00.825906 [debug] [MainThread]: Partial parsing: added file: police_deaths_pipeline://models/01_staging/stg_police_deaths.sql
[0m04:57:01.199089 [error] [MainThread]: Encountered an error:
Compilation Error
  Model 'model.police_deaths_pipeline.stg_police_deaths' (models/01_staging/stg_police_deaths.sql) depends on a source named 'raw_data.raw_police_deaths' which was not found
[0m04:57:01.225384 [debug] [MainThread]: Resource report: {"command_name": "run", "command_wall_clock_time": 2.0199475, "process_user_time": 4.151605, "process_kernel_time": 0.873229, "process_mem_max_rss": "122848", "process_in_blocks": "102976", "process_out_blocks": "16", "command_success": false}
[0m04:57:01.226604 [debug] [MainThread]: Command `dbt run` failed at 04:57:01.226333 after 2.02 seconds
[0m04:57:01.227630 [debug] [MainThread]: Sending event: {'category': 'dbt', 'action': 'invocation', 'label': 'end', 'context': [<snowplow_tracker.self_describing_json.SelfDescribingJson object at 0x74d1d2ed75e0>, <snowplow_tracker.self_describing_json.SelfDescribingJson object at 0x74d1ceee5bd0>, <snowplow_tracker.self_describing_json.SelfDescribingJson object at 0x74d1ceee4040>]}
[0m04:57:01.228695 [debug] [MainThread]: Flushing usage events
[0m05:04:35.566928 [debug] [MainThread]: Sending event: {'category': 'dbt', 'action': 'invocation', 'label': 'start', 'context': [<snowplow_tracker.self_describing_json.SelfDescribingJson object at 0x75aeada8b5e0>, <snowplow_tracker.self_describing_json.SelfDescribingJson object at 0x75aeab80e290>, <snowplow_tracker.self_describing_json.SelfDescribingJson object at 0x75aeab80e230>]}


============================== 05:04:35.572118 | 054eb833-3227-4cee-a5e5-726001c04e9a ==============================
[0m05:04:35.572118 [info ] [MainThread]: Running with dbt=1.7.0
[0m05:04:35.574013 [debug] [MainThread]: running dbt with arguments {'printer_width': '80', 'indirect_selection': 'eager', 'log_cache_events': 'False', 'write_json': 'True', 'partial_parse': 'True', 'cache_selected_only': 'False', 'warn_error': 'None', 'debug': 'False', 'fail_fast': 'False', 'log_path': '/usr/app/logs', 'profiles_dir': '/usr/app', 'version_check': 'True', 'use_colors': 'True', 'use_experimental_parser': 'False', 'no_print': 'None', 'quiet': 'False', 'warn_error_options': 'WarnErrorOptions(include=[], exclude=[])', 'invocation_command': 'dbt run --select stg_police_deaths', 'static_parser': 'True', 'log_format': 'default', 'target_path': 'None', 'introspect': 'True', 'send_anonymous_usage_stats': 'True'}
[0m05:04:36.387678 [debug] [MainThread]: Sending event: {'category': 'dbt', 'action': 'project_id', 'label': '054eb833-3227-4cee-a5e5-726001c04e9a', 'context': [<snowplow_tracker.self_describing_json.SelfDescribingJson object at 0x75aea9f17b20>]}
[0m05:04:36.531559 [debug] [MainThread]: Sending event: {'category': 'dbt', 'action': 'adapter_info', 'label': '054eb833-3227-4cee-a5e5-726001c04e9a', 'context': [<snowplow_tracker.self_describing_json.SelfDescribingJson object at 0x75aea9d20040>]}
[0m05:04:36.532728 [info ] [MainThread]: Registered adapter: bigquery=1.7.0
[0m05:04:36.544784 [debug] [MainThread]: checksum: 8434eacd4ffdf0ca3ab22bf0e2d55b45306c9599613e842b959405abc489e606, vars: {}, profile: , target: , version: 1.7.0
[0m05:04:36.596259 [debug] [MainThread]: Partial parsing enabled: 0 files deleted, 3 files added, 0 files changed.
[0m05:04:36.597392 [debug] [MainThread]: Partial parsing: added file: police_deaths_pipeline://models/01_staging/sources.yml
[0m05:04:36.598962 [debug] [MainThread]: Partial parsing: added file: police_deaths_pipeline://seeds/cause_mapping.csv
[0m05:04:36.599654 [debug] [MainThread]: Partial parsing: added file: police_deaths_pipeline://models/01_staging/stg_police_deaths.sql
[0m05:04:37.138120 [warn ] [MainThread]: [[33mWARNING[0m]: Configuration paths exist in your dbt_project.yml file which do not apply to any resources.
There are 2 unused configuration paths:
- models.police_deaths_pipeline.staging
- models.police_deaths_pipeline.marts
[0m05:04:37.148549 [debug] [MainThread]: Sending event: {'category': 'dbt', 'action': 'load_project', 'label': '054eb833-3227-4cee-a5e5-726001c04e9a', 'context': [<snowplow_tracker.self_describing_json.SelfDescribingJson object at 0x75aea98a3f10>]}
[0m05:04:37.170647 [debug] [MainThread]: Sending event: {'category': 'dbt', 'action': 'resource_counts', 'label': '054eb833-3227-4cee-a5e5-726001c04e9a', 'context': [<snowplow_tracker.self_describing_json.SelfDescribingJson object at 0x75aea9aea200>]}
[0m05:04:37.171439 [info ] [MainThread]: Found 1 model, 1 seed, 1 source, 0 exposures, 0 metrics, 447 macros, 0 groups, 0 semantic models
[0m05:04:37.172338 [debug] [MainThread]: Sending event: {'category': 'dbt', 'action': 'runnable_timing', 'label': '054eb833-3227-4cee-a5e5-726001c04e9a', 'context': [<snowplow_tracker.self_describing_json.SelfDescribingJson object at 0x75aea9aebd60>]}
[0m05:04:37.174575 [info ] [MainThread]: 
[0m05:04:37.176310 [debug] [MainThread]: Acquiring new bigquery connection 'master'
[0m05:04:37.178774 [debug] [ThreadPool]: Acquiring new bigquery connection 'list_zoomcamp-final-project-491003'
[0m05:04:37.179788 [debug] [ThreadPool]: Opening a new connection, currently in state init
[0m05:04:37.870587 [debug] [ThreadPool]: Acquiring new bigquery connection 'list_zoomcamp-final-project-491003_proj_bq_dataset'
[0m05:04:37.871398 [debug] [ThreadPool]: Opening a new connection, currently in state init
[0m05:04:38.640517 [debug] [MainThread]: Sending event: {'category': 'dbt', 'action': 'runnable_timing', 'label': '054eb833-3227-4cee-a5e5-726001c04e9a', 'context': [<snowplow_tracker.self_describing_json.SelfDescribingJson object at 0x75aea9e8cd90>]}
[0m05:04:38.642505 [info ] [MainThread]: Concurrency: 4 threads (target='dev')
[0m05:04:38.643316 [info ] [MainThread]: 
[0m05:04:38.696652 [debug] [Thread-1 (]: Began running node model.police_deaths_pipeline.stg_police_deaths
[0m05:04:38.697889 [info ] [Thread-1 (]: 1 of 1 START sql view model proj_bq_dataset.stg_police_deaths .................. [RUN]
[0m05:04:38.699415 [debug] [Thread-1 (]: Re-using an available connection from the pool (formerly list_zoomcamp-final-project-491003_proj_bq_dataset, now model.police_deaths_pipeline.stg_police_deaths)
[0m05:04:38.700301 [debug] [Thread-1 (]: Began compiling node model.police_deaths_pipeline.stg_police_deaths
[0m05:04:38.721210 [debug] [Thread-1 (]: Timing info for model.police_deaths_pipeline.stg_police_deaths (compile): 05:04:38.700775 => 05:04:38.720458
[0m05:04:38.734086 [debug] [Thread-1 (]: Compilation Error in model stg_police_deaths (models/01_staging/stg_police_deaths.sql)
  'dbt_utils' is undefined. This can happen when calling a macro that does not exist. Check for typos and/or install package dependencies with "dbt deps".
[0m05:04:38.735330 [debug] [Thread-1 (]: Sending event: {'category': 'dbt', 'action': 'run_model', 'label': '054eb833-3227-4cee-a5e5-726001c04e9a', 'context': [<snowplow_tracker.self_describing_json.SelfDescribingJson object at 0x75aea9767be0>]}
[0m05:04:38.736812 [error] [Thread-1 (]: 1 of 1 ERROR creating sql view model proj_bq_dataset.stg_police_deaths ......... [[31mERROR[0m in 0.04s]
[0m05:04:38.738424 [debug] [Thread-1 (]: Finished running node model.police_deaths_pipeline.stg_police_deaths
[0m05:04:38.742725 [debug] [MainThread]: Connection 'master' was properly closed.
[0m05:04:38.743348 [debug] [MainThread]: Connection 'list_zoomcamp-final-project-491003' was properly closed.
[0m05:04:38.744108 [debug] [MainThread]: Connection 'model.police_deaths_pipeline.stg_police_deaths' was properly closed.
[0m05:04:38.744791 [info ] [MainThread]: 
[0m05:04:38.745501 [info ] [MainThread]: Finished running 1 view model in 0 hours 0 minutes and 1.57 seconds (1.57s).
[0m05:04:38.747056 [debug] [MainThread]: Command end result
[0m05:04:38.774656 [info ] [MainThread]: 
[0m05:04:38.775611 [info ] [MainThread]: [31mCompleted with 1 error and 0 warnings:[0m
[0m05:04:38.776523 [info ] [MainThread]: 
[0m05:04:38.777326 [error] [MainThread]:   Compilation Error in model stg_police_deaths (models/01_staging/stg_police_deaths.sql)
  'dbt_utils' is undefined. This can happen when calling a macro that does not exist. Check for typos and/or install package dependencies with "dbt deps".
[0m05:04:38.778178 [info ] [MainThread]: 
[0m05:04:38.778916 [info ] [MainThread]: Done. PASS=0 WARN=0 ERROR=1 SKIP=0 TOTAL=1
[0m05:04:38.780794 [debug] [MainThread]: Resource report: {"command_name": "run", "command_wall_clock_time": 3.2836196, "process_user_time": 4.594183, "process_kernel_time": 0.471875, "process_mem_max_rss": "133980", "process_in_blocks": "712", "process_out_blocks": "2712", "command_success": false}
[0m05:04:38.781794 [debug] [MainThread]: Command `dbt run` failed at 05:04:38.781574 after 3.28 seconds
[0m05:04:38.782581 [debug] [MainThread]: Sending event: {'category': 'dbt', 'action': 'invocation', 'label': 'end', 'context': [<snowplow_tracker.self_describing_json.SelfDescribingJson object at 0x75aeada8b5e0>, <snowplow_tracker.self_describing_json.SelfDescribingJson object at 0x75aea9d20040>, <snowplow_tracker.self_describing_json.SelfDescribingJson object at 0x75aea9ae9ed0>]}
[0m05:04:38.783370 [debug] [MainThread]: Flushing usage events
[0m05:23:34.660198 [debug] [MainThread]: Sending event: {'category': 'dbt', 'action': 'invocation', 'label': 'start', 'context': [<snowplow_tracker.self_describing_json.SelfDescribingJson object at 0x7c638fd75840>, <snowplow_tracker.self_describing_json.SelfDescribingJson object at 0x7c638daf61a0>, <snowplow_tracker.self_describing_json.SelfDescribingJson object at 0x7c638daf6140>]}


============================== 05:23:34.667687 | d3d2072b-09e1-4966-bc57-a80b59a8ce27 ==============================
[0m05:23:34.667687 [info ] [MainThread]: Running with dbt=1.7.0
[0m05:23:34.669019 [debug] [MainThread]: running dbt with arguments {'printer_width': '80', 'indirect_selection': 'eager', 'log_cache_events': 'False', 'write_json': 'True', 'partial_parse': 'True', 'cache_selected_only': 'False', 'profiles_dir': '/usr/app', 'version_check': 'True', 'debug': 'False', 'log_path': '/usr/app/logs', 'fail_fast': 'False', 'warn_error': 'None', 'use_colors': 'True', 'use_experimental_parser': 'False', 'no_print': 'None', 'quiet': 'False', 'warn_error_options': 'WarnErrorOptions(include=[], exclude=[])', 'introspect': 'True', 'invocation_command': 'dbt deps', 'static_parser': 'True', 'target_path': 'None', 'log_format': 'default', 'send_anonymous_usage_stats': 'True'}
[0m05:23:34.875791 [debug] [MainThread]: Sending event: {'category': 'dbt', 'action': 'project_id', 'label': 'd3d2072b-09e1-4966-bc57-a80b59a8ce27', 'context': [<snowplow_tracker.self_describing_json.SelfDescribingJson object at 0x7c6391ecabf0>]}
[0m05:23:34.894557 [debug] [MainThread]: Set downloads directory='/tmp/dbt-downloads-0zuaamuw'
[0m05:23:34.895509 [debug] [MainThread]: Making package index registry request: GET https://hub.getdbt.com/api/v1/index.json
[0m05:23:35.146047 [debug] [MainThread]: Response from registry index: GET https://hub.getdbt.com/api/v1/index.json 200
[0m05:23:35.148491 [debug] [MainThread]: Making package registry request: GET https://hub.getdbt.com/api/v1/dbt-labs/dbt_utils.json
[0m05:23:35.204343 [debug] [MainThread]: Response from registry: GET https://hub.getdbt.com/api/v1/dbt-labs/dbt_utils.json 200
[0m05:23:35.216996 [debug] [MainThread]: Making package registry request: GET https://hub.getdbt.com/api/v1/dbt-labs/codegen.json
[0m05:23:35.293603 [debug] [MainThread]: Response from registry: GET https://hub.getdbt.com/api/v1/dbt-labs/codegen.json 200
[0m05:23:35.324673 [info ] [MainThread]: Updating lock file in file path: /usr/app/package-lock.yml
[0m05:23:35.337534 [debug] [MainThread]: Set downloads directory='/tmp/dbt-downloads-b4ick8hu'
[0m05:23:35.346370 [info ] [MainThread]: Installing dbt-labs/dbt_utils
[0m05:23:35.946700 [info ] [MainThread]: Installed from version 1.3.3
[0m05:23:35.947456 [info ] [MainThread]: Up to date!
[0m05:23:35.948462 [debug] [MainThread]: Sending event: {'category': 'dbt', 'action': 'package', 'label': 'd3d2072b-09e1-4966-bc57-a80b59a8ce27', 'property_': 'install', 'context': [<snowplow_tracker.self_describing_json.SelfDescribingJson object at 0x7c638d96d810>, <snowplow_tracker.self_describing_json.SelfDescribingJson object at 0x7c638d96ce20>]}
[0m05:23:35.949287 [info ] [MainThread]: Installing dbt-labs/codegen
[0m05:23:36.532917 [info ] [MainThread]: Installed from version 0.14.0
[0m05:23:36.533791 [info ] [MainThread]: Up to date!
[0m05:23:36.534748 [debug] [MainThread]: Sending event: {'category': 'dbt', 'action': 'package', 'label': 'd3d2072b-09e1-4966-bc57-a80b59a8ce27', 'property_': 'install', 'context': [<snowplow_tracker.self_describing_json.SelfDescribingJson object at 0x7c638d96d810>, <snowplow_tracker.self_describing_json.SelfDescribingJson object at 0x7c638daf63e0>]}
[0m05:23:36.538294 [debug] [MainThread]: Resource report: {"command_name": "deps", "command_success": true, "command_wall_clock_time": 1.9786718, "process_user_time": 3.172099, "process_kernel_time": 0.859511, "process_mem_max_rss": "94228", "process_in_blocks": "82736", "process_out_blocks": "3184"}
[0m05:23:36.539179 [debug] [MainThread]: Command `dbt deps` succeeded at 05:23:36.538999 after 1.98 seconds
[0m05:23:36.539847 [debug] [MainThread]: Sending event: {'category': 'dbt', 'action': 'invocation', 'label': 'end', 'context': [<snowplow_tracker.self_describing_json.SelfDescribingJson object at 0x7c638fd75840>, <snowplow_tracker.self_describing_json.SelfDescribingJson object at 0x7c638daf4070>, <snowplow_tracker.self_describing_json.SelfDescribingJson object at 0x7c638da5e020>]}
[0m05:23:36.540493 [debug] [MainThread]: Flushing usage events
[0m05:50:15.867257 [debug] [MainThread]: Sending event: {'category': 'dbt', 'action': 'invocation', 'label': 'start', 'context': [<snowplow_tracker.self_describing_json.SelfDescribingJson object at 0x7f85e769a650>, <snowplow_tracker.self_describing_json.SelfDescribingJson object at 0x7f85e5412290>, <snowplow_tracker.self_describing_json.SelfDescribingJson object at 0x7f85e5412230>]}


============================== 05:50:15.873798 | 2ce57795-bcfb-48d5-8b6b-609123fba3a3 ==============================
[0m05:50:15.873798 [info ] [MainThread]: Running with dbt=1.7.0
[0m05:50:15.874885 [debug] [MainThread]: running dbt with arguments {'printer_width': '80', 'indirect_selection': 'eager', 'log_cache_events': 'False', 'write_json': 'True', 'partial_parse': 'True', 'cache_selected_only': 'False', 'warn_error': 'None', 'fail_fast': 'False', 'version_check': 'True', 'log_path': '/usr/app/logs', 'debug': 'False', 'profiles_dir': '/usr/app', 'use_colors': 'True', 'use_experimental_parser': 'False', 'no_print': 'None', 'quiet': 'False', 'warn_error_options': 'WarnErrorOptions(include=[], exclude=[])', 'static_parser': 'True', 'introspect': 'True', 'log_format': 'default', 'target_path': 'None', 'invocation_command': 'dbt run --select stg_police_deaths', 'send_anonymous_usage_stats': 'True'}
[0m05:50:17.050068 [debug] [MainThread]: Sending event: {'category': 'dbt', 'action': 'project_id', 'label': '2ce57795-bcfb-48d5-8b6b-609123fba3a3', 'context': [<snowplow_tracker.self_describing_json.SelfDescribingJson object at 0x7f85e5379480>]}
[0m05:50:17.197187 [debug] [MainThread]: Sending event: {'category': 'dbt', 'action': 'adapter_info', 'label': '2ce57795-bcfb-48d5-8b6b-609123fba3a3', 'context': [<snowplow_tracker.self_describing_json.SelfDescribingJson object at 0x7f85e3900f10>]}
[0m05:50:17.213621 [info ] [MainThread]: Registered adapter: bigquery=1.7.0
[0m05:50:17.251660 [debug] [MainThread]: checksum: 8434eacd4ffdf0ca3ab22bf0e2d55b45306c9599613e842b959405abc489e606, vars: {}, profile: , target: , version: 1.7.0
[0m05:50:17.272909 [info ] [MainThread]: Unable to do partial parsing because a project dependency has been added
[0m05:50:17.273729 [debug] [MainThread]: Sending event: {'category': 'dbt', 'action': 'partial_parser', 'label': '2ce57795-bcfb-48d5-8b6b-609123fba3a3', 'context': [<snowplow_tracker.self_describing_json.SelfDescribingJson object at 0x7f85e3b4c1c0>]}
[0m05:50:20.028609 [warn ] [MainThread]: [[33mWARNING[0m]: Configuration paths exist in your dbt_project.yml file which do not apply to any resources.
There are 2 unused configuration paths:
- models.police_deaths_pipeline.marts
- models.police_deaths_pipeline.staging
[0m05:50:20.049311 [debug] [MainThread]: Sending event: {'category': 'dbt', 'action': 'load_project', 'label': '2ce57795-bcfb-48d5-8b6b-609123fba3a3', 'context': [<snowplow_tracker.self_describing_json.SelfDescribingJson object at 0x7f85e32c9d80>]}
[0m05:50:20.088336 [debug] [MainThread]: Sending event: {'category': 'dbt', 'action': 'resource_counts', 'label': '2ce57795-bcfb-48d5-8b6b-609123fba3a3', 'context': [<snowplow_tracker.self_describing_json.SelfDescribingJson object at 0x7f85e38c69b0>]}
[0m05:50:20.089183 [info ] [MainThread]: Found 1 model, 1 seed, 2 tests, 1 source, 0 exposures, 0 metrics, 590 macros, 0 groups, 0 semantic models
[0m05:50:20.089885 [debug] [MainThread]: Sending event: {'category': 'dbt', 'action': 'runnable_timing', 'label': '2ce57795-bcfb-48d5-8b6b-609123fba3a3', 'context': [<snowplow_tracker.self_describing_json.SelfDescribingJson object at 0x7f85e537b9d0>]}
[0m05:50:20.091816 [info ] [MainThread]: 
[0m05:50:20.093330 [debug] [MainThread]: Acquiring new bigquery connection 'master'
[0m05:50:20.095404 [debug] [ThreadPool]: Acquiring new bigquery connection 'list_zoomcamp-final-project-491003'
[0m05:50:20.096120 [debug] [ThreadPool]: Opening a new connection, currently in state init
[0m05:50:20.706975 [debug] [ThreadPool]: Re-using an available connection from the pool (formerly list_zoomcamp-final-project-491003, now list_zoomcamp-final-project-491003_proj_bq_dataset)
[0m05:50:20.707903 [debug] [ThreadPool]: Opening a new connection, currently in state closed
[0m05:50:21.477151 [debug] [MainThread]: Sending event: {'category': 'dbt', 'action': 'runnable_timing', 'label': '2ce57795-bcfb-48d5-8b6b-609123fba3a3', 'context': [<snowplow_tracker.self_describing_json.SelfDescribingJson object at 0x7f85e32cab60>]}
[0m05:50:21.478764 [info ] [MainThread]: Concurrency: 4 threads (target='dev')
[0m05:50:21.479512 [info ] [MainThread]: 
[0m05:50:21.505657 [debug] [Thread-1 (]: Began running node model.police_deaths_pipeline.stg_police_deaths
[0m05:50:21.507162 [info ] [Thread-1 (]: 1 of 1 START sql view model proj_bq_dataset.stg_police_deaths .................. [RUN]
[0m05:50:21.508747 [debug] [Thread-1 (]: Re-using an available connection from the pool (formerly list_zoomcamp-final-project-491003_proj_bq_dataset, now model.police_deaths_pipeline.stg_police_deaths)
[0m05:50:21.509704 [debug] [Thread-1 (]: Began compiling node model.police_deaths_pipeline.stg_police_deaths
[0m05:50:21.535736 [debug] [Thread-1 (]: Writing injected SQL for node "model.police_deaths_pipeline.stg_police_deaths"
[0m05:50:21.542260 [debug] [Thread-1 (]: Timing info for model.police_deaths_pipeline.stg_police_deaths (compile): 05:50:21.510147 => 05:50:21.541773
[0m05:50:21.543021 [debug] [Thread-1 (]: Began executing node model.police_deaths_pipeline.stg_police_deaths
[0m05:50:21.595123 [debug] [Thread-1 (]: Writing runtime sql for node "model.police_deaths_pipeline.stg_police_deaths"
[0m05:50:21.600018 [debug] [Thread-1 (]: Opening a new connection, currently in state closed
[0m05:50:21.602391 [debug] [Thread-1 (]: On model.police_deaths_pipeline.stg_police_deaths: /* {"app": "dbt", "dbt_version": "1.7.0", "profile_name": "police_deaths_pipeline", "target_name": "dev", "node_id": "model.police_deaths_pipeline.stg_police_deaths"} */


  create or replace view `zoomcamp-final-project-491003`.`proj_bq_dataset`.`stg_police_deaths`
  OPTIONS()
  as WITH source AS (
    SELECT * FROM `zoomcamp-final-project-491003`.`proj_bq_dataset`.`raw_police_deaths`
),

renamed AS (
    SELECT
        -- Primary Key (Composite)
        to_hex(md5(cast(coalesce(cast(Name as string), '_dbt_utils_surrogate_key_null_') || '-' || coalesce(cast(End_Of_Watch as string), '_dbt_utils_surrogate_key_null_') || '-' || coalesce(cast(Department as string), '_dbt_utils_surrogate_key_null_') as string))) AS death_id,
        
        -- Core Info
        CAST(Rank AS STRING) AS rank,
        CAST(Name AS STRING) AS officer_name,
        CAST(Age AS FLOAT64) AS age, 
        
        -- Casting DATETIME to DATE for partitioning
        CAST(End_Of_Watch AS DATE) AS end_of_watch_date,
        
        CAST(Department AS STRING) AS department,
        CAST(State AS STRING) AS state,
        
        -- Incident Info
        CAST(Cause AS STRING) AS cause_raw,
        CAST(Weapon AS STRING) AS weapon,
        CAST(Offender AS STRING) AS offender_status,
        CAST(Summary AS STRING) AS incident_summary

    FROM source
)

SELECT * FROM renamed;


[0m05:50:22.566618 [debug] [Thread-1 (]: BigQuery adapter: https://console.cloud.google.com/bigquery?project=zoomcamp-final-project-491003&j=bq:US:887d7695-0c73-49d8-b545-bde8fb50fbf3&page=queryresults
[0m05:50:23.025065 [debug] [Thread-1 (]: Timing info for model.police_deaths_pipeline.stg_police_deaths (execute): 05:50:21.543390 => 05:50:23.024590
[0m05:50:23.026365 [debug] [Thread-1 (]: Sending event: {'category': 'dbt', 'action': 'run_model', 'label': '2ce57795-bcfb-48d5-8b6b-609123fba3a3', 'context': [<snowplow_tracker.self_describing_json.SelfDescribingJson object at 0x7f85e32dad70>]}
[0m05:50:23.027421 [info ] [Thread-1 (]: 1 of 1 OK created sql view model proj_bq_dataset.stg_police_deaths ............. [[32mCREATE VIEW (0 processed)[0m in 1.52s]
[0m05:50:23.028572 [debug] [Thread-1 (]: Finished running node model.police_deaths_pipeline.stg_police_deaths
[0m05:50:23.032222 [debug] [MainThread]: Connection 'master' was properly closed.
[0m05:50:23.032833 [debug] [MainThread]: Connection 'model.police_deaths_pipeline.stg_police_deaths' was properly closed.
[0m05:50:23.033423 [info ] [MainThread]: 
[0m05:50:23.034206 [info ] [MainThread]: Finished running 1 view model in 0 hours 0 minutes and 2.94 seconds (2.94s).
[0m05:50:23.035653 [debug] [MainThread]: Command end result
[0m05:50:23.076115 [info ] [MainThread]: 
[0m05:50:23.077406 [info ] [MainThread]: [32mCompleted successfully[0m
[0m05:50:23.078247 [info ] [MainThread]: 
[0m05:50:23.079077 [info ] [MainThread]: Done. PASS=1 WARN=0 ERROR=0 SKIP=0 TOTAL=1
[0m05:50:23.082993 [debug] [MainThread]: Resource report: {"command_name": "run", "command_success": true, "command_wall_clock_time": 7.29078, "process_user_time": 6.535874, "process_kernel_time": 0.887119, "process_mem_max_rss": "139768", "process_in_blocks": "107536", "process_out_blocks": "3776"}
[0m05:50:23.084167 [debug] [MainThread]: Command `dbt run` succeeded at 05:50:23.083850 after 7.29 seconds
[0m05:50:23.085807 [debug] [MainThread]: Sending event: {'category': 'dbt', 'action': 'invocation', 'label': 'end', 'context': [<snowplow_tracker.self_describing_json.SelfDescribingJson object at 0x7f85e769a650>, <snowplow_tracker.self_describing_json.SelfDescribingJson object at 0x7f85e3720a60>, <snowplow_tracker.self_describing_json.SelfDescribingJson object at 0x7f85e38c69b0>]}
[0m05:50:23.087234 [debug] [MainThread]: Flushing usage events
[0m06:14:29.776587 [debug] [MainThread]: Sending event: {'category': 'dbt', 'action': 'invocation', 'label': 'start', 'context': [<snowplow_tracker.self_describing_json.SelfDescribingJson object at 0x7152f8e26650>, <snowplow_tracker.self_describing_json.SelfDescribingJson object at 0x7152f6b9e290>, <snowplow_tracker.self_describing_json.SelfDescribingJson object at 0x7152f6b9e230>]}


============================== 06:14:29.782336 | c295afca-e0c5-42ec-96a0-756384676fa8 ==============================
[0m06:14:29.782336 [info ] [MainThread]: Running with dbt=1.7.0
[0m06:14:29.783429 [debug] [MainThread]: running dbt with arguments {'printer_width': '80', 'indirect_selection': 'eager', 'write_json': 'True', 'log_cache_events': 'False', 'partial_parse': 'True', 'cache_selected_only': 'False', 'profiles_dir': '/usr/app', 'fail_fast': 'False', 'version_check': 'True', 'log_path': '/usr/app/logs', 'debug': 'False', 'warn_error': 'None', 'use_colors': 'True', 'use_experimental_parser': 'False', 'no_print': 'None', 'quiet': 'False', 'log_format': 'default', 'introspect': 'True', 'static_parser': 'True', 'warn_error_options': 'WarnErrorOptions(include=[], exclude=[])', 'target_path': 'None', 'invocation_command': 'dbt run --select int_police_deaths', 'send_anonymous_usage_stats': 'True'}
[0m06:14:30.989624 [debug] [MainThread]: Sending event: {'category': 'dbt', 'action': 'project_id', 'label': 'c295afca-e0c5-42ec-96a0-756384676fa8', 'context': [<snowplow_tracker.self_describing_json.SelfDescribingJson object at 0x7152f58260b0>]}
[0m06:14:31.154299 [debug] [MainThread]: Sending event: {'category': 'dbt', 'action': 'adapter_info', 'label': 'c295afca-e0c5-42ec-96a0-756384676fa8', 'context': [<snowplow_tracker.self_describing_json.SelfDescribingJson object at 0x7152f5292b30>]}
[0m06:14:31.171166 [info ] [MainThread]: Registered adapter: bigquery=1.7.0
[0m06:14:31.203483 [debug] [MainThread]: checksum: 8434eacd4ffdf0ca3ab22bf0e2d55b45306c9599613e842b959405abc489e606, vars: {}, profile: , target: , version: 1.7.0
[0m06:14:31.249558 [info ] [MainThread]: Unable to do partial parsing because a project config has changed
[0m06:14:31.250709 [debug] [MainThread]: Sending event: {'category': 'dbt', 'action': 'partial_parser', 'label': 'c295afca-e0c5-42ec-96a0-756384676fa8', 'context': [<snowplow_tracker.self_describing_json.SelfDescribingJson object at 0x7152f6b07760>]}
[0m06:14:34.174532 [warn ] [MainThread]: [[33mWARNING[0m]: Configuration paths exist in your dbt_project.yml file which do not apply to any resources.
There are 3 unused configuration paths:
- models.police_deaths_pipeline.staging
- models.police_deaths_pipeline.marts
- models.police_deaths_pipeline.intermediate
[0m06:14:34.183195 [debug] [MainThread]: Sending event: {'category': 'dbt', 'action': 'load_project', 'label': 'c295afca-e0c5-42ec-96a0-756384676fa8', 'context': [<snowplow_tracker.self_describing_json.SelfDescribingJson object at 0x7152de9a2050>]}
[0m06:14:34.218480 [debug] [MainThread]: Sending event: {'category': 'dbt', 'action': 'resource_counts', 'label': 'c295afca-e0c5-42ec-96a0-756384676fa8', 'context': [<snowplow_tracker.self_describing_json.SelfDescribingJson object at 0x7152f50d6c80>]}
[0m06:14:34.219511 [info ] [MainThread]: Found 3 models, 1 seed, 2 tests, 1 source, 0 exposures, 0 metrics, 590 macros, 0 groups, 0 semantic models
[0m06:14:34.220450 [debug] [MainThread]: Sending event: {'category': 'dbt', 'action': 'runnable_timing', 'label': 'c295afca-e0c5-42ec-96a0-756384676fa8', 'context': [<snowplow_tracker.self_describing_json.SelfDescribingJson object at 0x7152f508f1f0>]}
[0m06:14:34.223032 [info ] [MainThread]: 
[0m06:14:34.224514 [debug] [MainThread]: Acquiring new bigquery connection 'master'
[0m06:14:34.226425 [debug] [ThreadPool]: Acquiring new bigquery connection 'list_zoomcamp-final-project-491003'
[0m06:14:34.227188 [debug] [ThreadPool]: Opening a new connection, currently in state init
[0m06:14:34.715367 [debug] [ThreadPool]: Re-using an available connection from the pool (formerly list_zoomcamp-final-project-491003, now list_zoomcamp-final-project-491003_proj_bq_dataset)
[0m06:14:34.716366 [debug] [ThreadPool]: Opening a new connection, currently in state closed
[0m06:14:35.240317 [debug] [MainThread]: Sending event: {'category': 'dbt', 'action': 'runnable_timing', 'label': 'c295afca-e0c5-42ec-96a0-756384676fa8', 'context': [<snowplow_tracker.self_describing_json.SelfDescribingJson object at 0x7152de9a2e30>]}
[0m06:14:35.241658 [info ] [MainThread]: Concurrency: 4 threads (target='dev')
[0m06:14:35.242382 [info ] [MainThread]: 
[0m06:14:35.268210 [debug] [Thread-1 (]: Began running node model.police_deaths_pipeline.int_police_deaths
[0m06:14:35.269432 [info ] [Thread-1 (]: 1 of 1 START sql view model proj_bq_dataset.int_police_deaths .................. [RUN]
[0m06:14:35.271018 [debug] [Thread-1 (]: Re-using an available connection from the pool (formerly list_zoomcamp-final-project-491003_proj_bq_dataset, now model.police_deaths_pipeline.int_police_deaths)
[0m06:14:35.271956 [debug] [Thread-1 (]: Began compiling node model.police_deaths_pipeline.int_police_deaths
[0m06:14:35.290663 [debug] [Thread-1 (]: Writing injected SQL for node "model.police_deaths_pipeline.int_police_deaths"
[0m06:14:35.296306 [debug] [Thread-1 (]: Timing info for model.police_deaths_pipeline.int_police_deaths (compile): 06:14:35.272552 => 06:14:35.295453
[0m06:14:35.297315 [debug] [Thread-1 (]: Began executing node model.police_deaths_pipeline.int_police_deaths
[0m06:14:35.367587 [debug] [Thread-1 (]: Writing runtime sql for node "model.police_deaths_pipeline.int_police_deaths"
[0m06:14:35.370210 [debug] [Thread-1 (]: Opening a new connection, currently in state closed
[0m06:14:35.372441 [debug] [Thread-1 (]: On model.police_deaths_pipeline.int_police_deaths: /* {"app": "dbt", "dbt_version": "1.7.0", "profile_name": "police_deaths_pipeline", "target_name": "dev", "node_id": "model.police_deaths_pipeline.int_police_deaths"} */


  create or replace view `zoomcamp-final-project-491003`.`proj_bq_dataset`.`int_police_deaths`
  OPTIONS()
  as WITH staging AS (
    SELECT * FROM `zoomcamp-final-project-491003`.`proj_bq_dataset`.`stg_police_deaths`
),

categories AS (
    SELECT * FROM `zoomcamp-final-project-491003`.`proj_bq_dataset`.`cause_mapping`
),

joined AS (
    SELECT
        s.*,
        -- 'Other/Unknown' if seed data null or missing
        COALESCE(c.risk_category, 'Other/Unknown') AS risk_category,
        EXTRACT(YEAR FROM s.end_of_watch_date) AS incident_year,
        -- Calculating decades for violence percentages
        FLOOR(EXTRACT(YEAR FROM s.end_of_watch_date) / 10) * 10 AS incident_decade,
        -- Day of week col
        FORMAT_DATE('%A', s.end_of_watch_date) AS day_of_week_name
    FROM staging AS s
    LEFT JOIN categories AS c
        ON s.cause_raw = c.cause
)

SELECT * FROM joined;


[0m06:14:36.114411 [debug] [Thread-1 (]: BigQuery adapter: https://console.cloud.google.com/bigquery?project=zoomcamp-final-project-491003&j=bq:US:782ce6d9-9593-4e1d-bc85-47bbb5e4e544&page=queryresults
[0m06:14:36.116157 [debug] [Thread-1 (]: BigQuery adapter: Unhandled error while running:
/* {"app": "dbt", "dbt_version": "1.7.0", "profile_name": "police_deaths_pipeline", "target_name": "dev", "node_id": "model.police_deaths_pipeline.int_police_deaths"} */


  create or replace view `zoomcamp-final-project-491003`.`proj_bq_dataset`.`int_police_deaths`
  OPTIONS()
  as WITH staging AS (
    SELECT * FROM `zoomcamp-final-project-491003`.`proj_bq_dataset`.`stg_police_deaths`
),

categories AS (
    SELECT * FROM `zoomcamp-final-project-491003`.`proj_bq_dataset`.`cause_mapping`
),

joined AS (
    SELECT
        s.*,
        -- 'Other/Unknown' if seed data null or missing
        COALESCE(c.risk_category, 'Other/Unknown') AS risk_category,
        EXTRACT(YEAR FROM s.end_of_watch_date) AS incident_year,
        -- Calculating decades for violence percentages
        FLOOR(EXTRACT(YEAR FROM s.end_of_watch_date) / 10) * 10 AS incident_decade,
        -- Day of week col
        FORMAT_DATE('%A', s.end_of_watch_date) AS day_of_week_name
    FROM staging AS s
    LEFT JOIN categories AS c
        ON s.cause_raw = c.cause
)

SELECT * FROM joined;


[0m06:14:36.117842 [debug] [Thread-1 (]: BigQuery adapter: 404 Not found: Table zoomcamp-final-project-491003:proj_bq_dataset.cause_mapping was not found in location US

Location: US
Job ID: 782ce6d9-9593-4e1d-bc85-47bbb5e4e544

[0m06:14:36.119910 [debug] [Thread-1 (]: Timing info for model.police_deaths_pipeline.int_police_deaths (execute): 06:14:35.297856 => 06:14:36.119310
[0m06:14:36.168534 [debug] [Thread-1 (]: Runtime Error in model int_police_deaths (models/02_intermediate/int_police_deaths.sql)
  404 Not found: Table zoomcamp-final-project-491003:proj_bq_dataset.cause_mapping was not found in location US
  
  Location: US
  Job ID: 782ce6d9-9593-4e1d-bc85-47bbb5e4e544
  
[0m06:14:36.169575 [debug] [Thread-1 (]: Sending event: {'category': 'dbt', 'action': 'run_model', 'label': 'c295afca-e0c5-42ec-96a0-756384676fa8', 'context': [<snowplow_tracker.self_describing_json.SelfDescribingJson object at 0x7152de9ab940>]}
[0m06:14:36.170743 [error] [Thread-1 (]: 1 of 1 ERROR creating sql view model proj_bq_dataset.int_police_deaths ......... [[31mERROR[0m in 0.90s]
[0m06:14:36.172068 [debug] [Thread-1 (]: Finished running node model.police_deaths_pipeline.int_police_deaths
[0m06:14:36.175927 [debug] [MainThread]: Connection 'master' was properly closed.
[0m06:14:36.176432 [debug] [MainThread]: Connection 'model.police_deaths_pipeline.int_police_deaths' was properly closed.
[0m06:14:36.176928 [info ] [MainThread]: 
[0m06:14:36.177717 [info ] [MainThread]: Finished running 1 view model in 0 hours 0 minutes and 1.95 seconds (1.95s).
[0m06:14:36.179368 [debug] [MainThread]: Command end result
[0m06:14:36.208761 [info ] [MainThread]: 
[0m06:14:36.209879 [info ] [MainThread]: [31mCompleted with 1 error and 0 warnings:[0m
[0m06:14:36.210811 [info ] [MainThread]: 
[0m06:14:36.211751 [error] [MainThread]:   Runtime Error in model int_police_deaths (models/02_intermediate/int_police_deaths.sql)
  404 Not found: Table zoomcamp-final-project-491003:proj_bq_dataset.cause_mapping was not found in location US
  
  Location: US
  Job ID: 782ce6d9-9593-4e1d-bc85-47bbb5e4e544
  
[0m06:14:36.212618 [info ] [MainThread]: 
[0m06:14:36.213650 [info ] [MainThread]: Done. PASS=0 WARN=0 ERROR=1 SKIP=0 TOTAL=1
[0m06:14:36.217527 [debug] [MainThread]: Resource report: {"command_name": "run", "command_wall_clock_time": 6.5429854, "process_user_time": 6.737462, "process_kernel_time": 0.937746, "process_mem_max_rss": "138992", "process_in_blocks": "107320", "process_out_blocks": "3824", "command_success": false}
[0m06:14:36.218542 [debug] [MainThread]: Command `dbt run` failed at 06:14:36.218338 after 6.54 seconds
[0m06:14:36.219658 [debug] [MainThread]: Sending event: {'category': 'dbt', 'action': 'invocation', 'label': 'end', 'context': [<snowplow_tracker.self_describing_json.SelfDescribingJson object at 0x7152f8e26650>, <snowplow_tracker.self_describing_json.SelfDescribingJson object at 0x7152f51e4790>, <snowplow_tracker.self_describing_json.SelfDescribingJson object at 0x7152de9a0b50>]}
[0m06:14:36.220505 [debug] [MainThread]: Flushing usage events
[0m06:19:17.608895 [debug] [MainThread]: Sending event: {'category': 'dbt', 'action': 'invocation', 'label': 'start', 'context': [<snowplow_tracker.self_describing_json.SelfDescribingJson object at 0x74d6351465f0>, <snowplow_tracker.self_describing_json.SelfDescribingJson object at 0x74d632e7e230>, <snowplow_tracker.self_describing_json.SelfDescribingJson object at 0x74d632e7e1d0>]}


============================== 06:19:17.614001 | 8ef17195-fcbe-436e-a1b8-0679144eeca6 ==============================
[0m06:19:17.614001 [info ] [MainThread]: Running with dbt=1.7.0
[0m06:19:17.614983 [debug] [MainThread]: running dbt with arguments {'printer_width': '80', 'indirect_selection': 'eager', 'log_cache_events': 'False', 'write_json': 'True', 'partial_parse': 'True', 'cache_selected_only': 'False', 'profiles_dir': '/usr/app', 'version_check': 'True', 'debug': 'False', 'log_path': '/usr/app/logs', 'warn_error': 'None', 'fail_fast': 'False', 'use_colors': 'True', 'use_experimental_parser': 'False', 'no_print': 'None', 'quiet': 'False', 'warn_error_options': 'WarnErrorOptions(include=[], exclude=[])', 'introspect': 'True', 'invocation_command': 'dbt seed', 'static_parser': 'True', 'target_path': 'None', 'log_format': 'default', 'send_anonymous_usage_stats': 'True'}
[0m06:19:18.413848 [debug] [MainThread]: Sending event: {'category': 'dbt', 'action': 'project_id', 'label': '8ef17195-fcbe-436e-a1b8-0679144eeca6', 'context': [<snowplow_tracker.self_describing_json.SelfDescribingJson object at 0x74d632fe1ed0>]}
[0m06:19:18.557774 [debug] [MainThread]: Sending event: {'category': 'dbt', 'action': 'adapter_info', 'label': '8ef17195-fcbe-436e-a1b8-0679144eeca6', 'context': [<snowplow_tracker.self_describing_json.SelfDescribingJson object at 0x74d631584ca0>]}
[0m06:19:18.558930 [info ] [MainThread]: Registered adapter: bigquery=1.7.0
[0m06:19:18.586790 [debug] [MainThread]: checksum: 8434eacd4ffdf0ca3ab22bf0e2d55b45306c9599613e842b959405abc489e606, vars: {}, profile: , target: , version: 1.7.0
[0m06:19:18.658052 [debug] [MainThread]: Partial parsing enabled: 0 files deleted, 0 files added, 0 files changed.
[0m06:19:18.658803 [debug] [MainThread]: Partial parsing enabled, no changes found, skipping parsing
[0m06:19:18.659950 [warn ] [MainThread]: [[33mWARNING[0m]: Configuration paths exist in your dbt_project.yml file which do not apply to any resources.
There are 3 unused configuration paths:
- models.police_deaths_pipeline.marts
- models.police_deaths_pipeline.intermediate
- models.police_deaths_pipeline.staging
[0m06:19:18.668746 [debug] [MainThread]: Sending event: {'category': 'dbt', 'action': 'load_project', 'label': '8ef17195-fcbe-436e-a1b8-0679144eeca6', 'context': [<snowplow_tracker.self_describing_json.SelfDescribingJson object at 0x74d631249cc0>]}
[0m06:19:18.693063 [debug] [MainThread]: Sending event: {'category': 'dbt', 'action': 'resource_counts', 'label': '8ef17195-fcbe-436e-a1b8-0679144eeca6', 'context': [<snowplow_tracker.self_describing_json.SelfDescribingJson object at 0x74d63121c460>]}
[0m06:19:18.693857 [info ] [MainThread]: Found 3 models, 1 seed, 2 tests, 1 source, 0 exposures, 0 metrics, 590 macros, 0 groups, 0 semantic models
[0m06:19:18.694518 [debug] [MainThread]: Sending event: {'category': 'dbt', 'action': 'runnable_timing', 'label': '8ef17195-fcbe-436e-a1b8-0679144eeca6', 'context': [<snowplow_tracker.self_describing_json.SelfDescribingJson object at 0x74d63121c0a0>]}
[0m06:19:18.697363 [info ] [MainThread]: 
[0m06:19:18.699095 [debug] [MainThread]: Acquiring new bigquery connection 'master'
[0m06:19:18.701370 [debug] [ThreadPool]: Acquiring new bigquery connection 'list_zoomcamp-final-project-491003'
[0m06:19:18.702367 [debug] [ThreadPool]: Opening a new connection, currently in state init
[0m06:19:19.150062 [debug] [ThreadPool]: Re-using an available connection from the pool (formerly list_zoomcamp-final-project-491003, now list_zoomcamp-final-project-491003_proj_bq_dataset)
[0m06:19:19.150832 [debug] [ThreadPool]: Opening a new connection, currently in state closed
[0m06:19:19.599028 [debug] [MainThread]: Sending event: {'category': 'dbt', 'action': 'runnable_timing', 'label': '8ef17195-fcbe-436e-a1b8-0679144eeca6', 'context': [<snowplow_tracker.self_describing_json.SelfDescribingJson object at 0x74d631205720>]}
[0m06:19:19.601037 [info ] [MainThread]: Concurrency: 4 threads (target='dev')
[0m06:19:19.601874 [info ] [MainThread]: 
[0m06:19:19.624414 [debug] [Thread-1 (]: Began running node seed.police_deaths_pipeline.cause_mapping
[0m06:19:19.626071 [info ] [Thread-1 (]: 1 of 1 START seed file proj_bq_dataset.cause_mapping ........................... [RUN]
[0m06:19:19.627944 [debug] [Thread-1 (]: Re-using an available connection from the pool (formerly list_zoomcamp-final-project-491003_proj_bq_dataset, now seed.police_deaths_pipeline.cause_mapping)
[0m06:19:19.629002 [debug] [Thread-1 (]: Began compiling node seed.police_deaths_pipeline.cause_mapping
[0m06:19:19.630506 [debug] [Thread-1 (]: Timing info for seed.police_deaths_pipeline.cause_mapping (compile): 06:19:19.629634 => 06:19:19.629641
[0m06:19:19.631483 [debug] [Thread-1 (]: Began executing node seed.police_deaths_pipeline.cause_mapping
[0m06:19:19.691182 [debug] [Thread-1 (]: Opening a new connection, currently in state closed
[0m06:19:24.072365 [debug] [Thread-1 (]: On seed.police_deaths_pipeline.cause_mapping: /* {"app": "dbt", "dbt_version": "1.7.0", "profile_name": "police_deaths_pipeline", "target_name": "dev", "node_id": "seed.police_deaths_pipeline.cause_mapping"} */

    alter table `zoomcamp-final-project-491003`.`proj_bq_dataset`.`cause_mapping` set OPTIONS()
  
[0m06:19:24.493786 [debug] [Thread-1 (]: BigQuery adapter: https://console.cloud.google.com/bigquery?project=zoomcamp-final-project-491003&j=bq:US:70937057-9b09-4df0-9043-430607a121e2&page=queryresults
[0m06:19:25.049937 [debug] [Thread-1 (]: Writing runtime SQL for node "seed.police_deaths_pipeline.cause_mapping"
[0m06:19:25.078485 [debug] [Thread-1 (]: Timing info for seed.police_deaths_pipeline.cause_mapping (execute): 06:19:19.632085 => 06:19:25.078071
[0m06:19:25.079693 [debug] [Thread-1 (]: Sending event: {'category': 'dbt', 'action': 'run_model', 'label': '8ef17195-fcbe-436e-a1b8-0679144eeca6', 'context': [<snowplow_tracker.self_describing_json.SelfDescribingJson object at 0x74d6312043a0>]}
[0m06:19:25.080522 [info ] [Thread-1 (]: 1 of 1 OK loaded seed file proj_bq_dataset.cause_mapping ....................... [[32mINSERT 9[0m in 5.45s]
[0m06:19:25.081947 [debug] [Thread-1 (]: Finished running node seed.police_deaths_pipeline.cause_mapping
[0m06:19:25.085458 [debug] [MainThread]: Connection 'master' was properly closed.
[0m06:19:25.085976 [debug] [MainThread]: Connection 'seed.police_deaths_pipeline.cause_mapping' was properly closed.
[0m06:19:25.086554 [info ] [MainThread]: 
[0m06:19:25.087252 [info ] [MainThread]: Finished running 1 seed in 0 hours 0 minutes and 6.39 seconds (6.39s).
[0m06:19:25.088653 [debug] [MainThread]: Command end result
[0m06:19:25.122487 [info ] [MainThread]: 
[0m06:19:25.123708 [info ] [MainThread]: [32mCompleted successfully[0m
[0m06:19:25.124633 [info ] [MainThread]: 
[0m06:19:25.125624 [info ] [MainThread]: Done. PASS=1 WARN=0 ERROR=0 SKIP=0 TOTAL=1
[0m06:19:25.127701 [debug] [MainThread]: Resource report: {"command_name": "seed", "command_success": true, "command_wall_clock_time": 7.5969663, "process_user_time": 4.207751, "process_kernel_time": 0.480129, "process_mem_max_rss": "130160", "process_out_blocks": "2552", "process_in_blocks": "0"}
[0m06:19:25.128619 [debug] [MainThread]: Command `dbt seed` succeeded at 06:19:25.128438 after 7.60 seconds
[0m06:19:25.129278 [debug] [MainThread]: Sending event: {'category': 'dbt', 'action': 'invocation', 'label': 'end', 'context': [<snowplow_tracker.self_describing_json.SelfDescribingJson object at 0x74d6351465f0>, <snowplow_tracker.self_describing_json.SelfDescribingJson object at 0x74d636871060>, <snowplow_tracker.self_describing_json.SelfDescribingJson object at 0x74d63121c130>]}
[0m06:19:25.129852 [debug] [MainThread]: Flushing usage events
[0m06:20:22.550558 [debug] [MainThread]: Sending event: {'category': 'dbt', 'action': 'invocation', 'label': 'start', 'context': [<snowplow_tracker.self_describing_json.SelfDescribingJson object at 0x7d07afb226b0>, <snowplow_tracker.self_describing_json.SelfDescribingJson object at 0x7d07ad856380>, <snowplow_tracker.self_describing_json.SelfDescribingJson object at 0x7d07ad856320>]}


============================== 06:20:22.555045 | db5ce182-0e5a-412a-a641-2242da4602c4 ==============================
[0m06:20:22.555045 [info ] [MainThread]: Running with dbt=1.7.0
[0m06:20:22.556968 [debug] [MainThread]: running dbt with arguments {'printer_width': '80', 'indirect_selection': 'eager', 'log_cache_events': 'False', 'write_json': 'True', 'partial_parse': 'True', 'cache_selected_only': 'False', 'warn_error': 'None', 'debug': 'False', 'profiles_dir': '/usr/app', 'log_path': '/usr/app/logs', 'fail_fast': 'False', 'version_check': 'True', 'use_colors': 'True', 'use_experimental_parser': 'False', 'no_print': 'None', 'quiet': 'False', 'log_format': 'default', 'invocation_command': 'dbt run --select int_police_deaths', 'introspect': 'True', 'warn_error_options': 'WarnErrorOptions(include=[], exclude=[])', 'target_path': 'None', 'static_parser': 'True', 'send_anonymous_usage_stats': 'True'}
[0m06:20:23.369183 [debug] [MainThread]: Sending event: {'category': 'dbt', 'action': 'project_id', 'label': 'db5ce182-0e5a-412a-a641-2242da4602c4', 'context': [<snowplow_tracker.self_describing_json.SelfDescribingJson object at 0x7d07abf795d0>]}
[0m06:20:23.524945 [debug] [MainThread]: Sending event: {'category': 'dbt', 'action': 'adapter_info', 'label': 'db5ce182-0e5a-412a-a641-2242da4602c4', 'context': [<snowplow_tracker.self_describing_json.SelfDescribingJson object at 0x7d07ac1332b0>]}
[0m06:20:23.526154 [info ] [MainThread]: Registered adapter: bigquery=1.7.0
[0m06:20:23.556153 [debug] [MainThread]: checksum: 8434eacd4ffdf0ca3ab22bf0e2d55b45306c9599613e842b959405abc489e606, vars: {}, profile: , target: , version: 1.7.0
[0m06:20:23.628537 [debug] [MainThread]: Partial parsing enabled: 0 files deleted, 0 files added, 0 files changed.
[0m06:20:23.629250 [debug] [MainThread]: Partial parsing enabled, no changes found, skipping parsing
[0m06:20:23.630549 [warn ] [MainThread]: [[33mWARNING[0m]: Configuration paths exist in your dbt_project.yml file which do not apply to any resources.
There are 3 unused configuration paths:
- models.police_deaths_pipeline.staging
- models.police_deaths_pipeline.intermediate
- models.police_deaths_pipeline.marts
[0m06:20:23.640313 [debug] [MainThread]: Sending event: {'category': 'dbt', 'action': 'load_project', 'label': 'db5ce182-0e5a-412a-a641-2242da4602c4', 'context': [<snowplow_tracker.self_describing_json.SelfDescribingJson object at 0x7d07abbedc60>]}
[0m06:20:23.666034 [debug] [MainThread]: Sending event: {'category': 'dbt', 'action': 'resource_counts', 'label': 'db5ce182-0e5a-412a-a641-2242da4602c4', 'context': [<snowplow_tracker.self_describing_json.SelfDescribingJson object at 0x7d07abbc4460>]}
[0m06:20:23.666761 [info ] [MainThread]: Found 3 models, 1 seed, 2 tests, 1 source, 0 exposures, 0 metrics, 590 macros, 0 groups, 0 semantic models
[0m06:20:23.667407 [debug] [MainThread]: Sending event: {'category': 'dbt', 'action': 'runnable_timing', 'label': 'db5ce182-0e5a-412a-a641-2242da4602c4', 'context': [<snowplow_tracker.self_describing_json.SelfDescribingJson object at 0x7d07abbc4040>]}
[0m06:20:23.669284 [info ] [MainThread]: 
[0m06:20:23.670695 [debug] [MainThread]: Acquiring new bigquery connection 'master'
[0m06:20:23.672494 [debug] [ThreadPool]: Acquiring new bigquery connection 'list_zoomcamp-final-project-491003'
[0m06:20:23.673281 [debug] [ThreadPool]: Opening a new connection, currently in state init
[0m06:20:24.340783 [debug] [ThreadPool]: Re-using an available connection from the pool (formerly list_zoomcamp-final-project-491003, now list_zoomcamp-final-project-491003_proj_bq_dataset)
[0m06:20:24.341804 [debug] [ThreadPool]: Opening a new connection, currently in state closed
[0m06:20:24.887479 [debug] [MainThread]: Sending event: {'category': 'dbt', 'action': 'runnable_timing', 'label': 'db5ce182-0e5a-412a-a641-2242da4602c4', 'context': [<snowplow_tracker.self_describing_json.SelfDescribingJson object at 0x7d07abbab3a0>]}
[0m06:20:24.888745 [info ] [MainThread]: Concurrency: 4 threads (target='dev')
[0m06:20:24.889511 [info ] [MainThread]: 
[0m06:20:24.900539 [debug] [Thread-1 (]: Began running node model.police_deaths_pipeline.int_police_deaths
[0m06:20:24.902737 [info ] [Thread-1 (]: 1 of 1 START sql view model proj_bq_dataset.int_police_deaths .................. [RUN]
[0m06:20:24.904491 [debug] [Thread-1 (]: Re-using an available connection from the pool (formerly list_zoomcamp-final-project-491003_proj_bq_dataset, now model.police_deaths_pipeline.int_police_deaths)
[0m06:20:24.905446 [debug] [Thread-1 (]: Began compiling node model.police_deaths_pipeline.int_police_deaths
[0m06:20:24.924309 [debug] [Thread-1 (]: Writing injected SQL for node "model.police_deaths_pipeline.int_police_deaths"
[0m06:20:24.927667 [debug] [Thread-1 (]: Timing info for model.police_deaths_pipeline.int_police_deaths (compile): 06:20:24.906036 => 06:20:24.927247
[0m06:20:24.928471 [debug] [Thread-1 (]: Began executing node model.police_deaths_pipeline.int_police_deaths
[0m06:20:24.991322 [debug] [Thread-1 (]: Writing runtime sql for node "model.police_deaths_pipeline.int_police_deaths"
[0m06:20:24.992823 [debug] [Thread-1 (]: Opening a new connection, currently in state closed
[0m06:20:24.995305 [debug] [Thread-1 (]: On model.police_deaths_pipeline.int_police_deaths: /* {"app": "dbt", "dbt_version": "1.7.0", "profile_name": "police_deaths_pipeline", "target_name": "dev", "node_id": "model.police_deaths_pipeline.int_police_deaths"} */


  create or replace view `zoomcamp-final-project-491003`.`proj_bq_dataset`.`int_police_deaths`
  OPTIONS()
  as WITH staging AS (
    SELECT * FROM `zoomcamp-final-project-491003`.`proj_bq_dataset`.`stg_police_deaths`
),

categories AS (
    SELECT * FROM `zoomcamp-final-project-491003`.`proj_bq_dataset`.`cause_mapping`
),

joined AS (
    SELECT
        s.*,
        -- 'Other/Unknown' if seed data null or missing
        COALESCE(c.risk_category, 'Other/Unknown') AS risk_category,
        EXTRACT(YEAR FROM s.end_of_watch_date) AS incident_year,
        -- Calculating decades for violence percentages
        FLOOR(EXTRACT(YEAR FROM s.end_of_watch_date) / 10) * 10 AS incident_decade,
        -- Day of week col
        FORMAT_DATE('%A', s.end_of_watch_date) AS day_of_week_name
    FROM staging AS s
    LEFT JOIN categories AS c
        ON s.cause_raw = c.cause
)

SELECT * FROM joined;


[0m06:20:25.864415 [debug] [Thread-1 (]: BigQuery adapter: https://console.cloud.google.com/bigquery?project=zoomcamp-final-project-491003&j=bq:US:88f68c03-5e47-4104-8e46-4fa19cd7d184&page=queryresults
[0m06:20:26.546759 [debug] [Thread-1 (]: Timing info for model.police_deaths_pipeline.int_police_deaths (execute): 06:20:24.929039 => 06:20:26.546413
[0m06:20:26.548305 [debug] [Thread-1 (]: Sending event: {'category': 'dbt', 'action': 'run_model', 'label': 'db5ce182-0e5a-412a-a641-2242da4602c4', 'context': [<snowplow_tracker.self_describing_json.SelfDescribingJson object at 0x7d07ad80c6a0>]}
[0m06:20:26.549518 [info ] [Thread-1 (]: 1 of 1 OK created sql view model proj_bq_dataset.int_police_deaths ............. [[32mCREATE VIEW (0 processed)[0m in 1.64s]
[0m06:20:26.551142 [debug] [Thread-1 (]: Finished running node model.police_deaths_pipeline.int_police_deaths
[0m06:20:26.555435 [debug] [MainThread]: Connection 'master' was properly closed.
[0m06:20:26.555964 [debug] [MainThread]: Connection 'model.police_deaths_pipeline.int_police_deaths' was properly closed.
[0m06:20:26.556613 [info ] [MainThread]: 
[0m06:20:26.557487 [info ] [MainThread]: Finished running 1 view model in 0 hours 0 minutes and 2.89 seconds (2.89s).
[0m06:20:26.559098 [debug] [MainThread]: Command end result
[0m06:20:26.595031 [info ] [MainThread]: 
[0m06:20:26.596327 [info ] [MainThread]: [32mCompleted successfully[0m
[0m06:20:26.597192 [info ] [MainThread]: 
[0m06:20:26.598096 [info ] [MainThread]: Done. PASS=1 WARN=0 ERROR=0 SKIP=0 TOTAL=1
[0m06:20:26.600245 [debug] [MainThread]: Resource report: {"command_name": "run", "command_success": true, "command_wall_clock_time": 4.1295533, "process_user_time": 4.246108, "process_kernel_time": 0.483973, "process_mem_max_rss": "130124", "process_in_blocks": "8", "process_out_blocks": "2560"}
[0m06:20:26.601414 [debug] [MainThread]: Command `dbt run` succeeded at 06:20:26.601136 after 4.13 seconds
[0m06:20:26.602352 [debug] [MainThread]: Sending event: {'category': 'dbt', 'action': 'invocation', 'label': 'end', 'context': [<snowplow_tracker.self_describing_json.SelfDescribingJson object at 0x7d07afb226b0>, <snowplow_tracker.self_describing_json.SelfDescribingJson object at 0x7d07abf85330>, <snowplow_tracker.self_describing_json.SelfDescribingJson object at 0x7d07abbc40d0>]}
[0m06:20:26.603541 [debug] [MainThread]: Flushing usage events
